2017-10-25 12:22:36 Info github.com/vvotm/go-followfix/app.(*FollowService).ProduceOnlyHalfMouth 查询半个月活动的主播: select uid from rooms where editTime >= '2017-10-10 12:22:36'
2017-10-25 12:22:36 Info github.com/vvotm/go-followfix/app.(*FollowService).appendTraficChan max goroutine numbers: 100
2017-10-30 10:47:51 Info github.com/vvotm/go-followfix/app.(*FollowService).ProduceUIDList 读取配置文件UID: [[15 250]]
2017-10-30 10:47:51 Info github.com/vvotm/go-followfix/app.(*FollowService).appendTraficChan max goroutine numbers: 2
2017-10-30 10:59:43 Info github.com/vvotm/go-followfix/app.(*FollowService).ProduceUIDList 读取配置文件UID: [[15 250]]
2017-10-30 10:59:43 Info github.com/vvotm/go-followfix/app.(*FollowService).appendTraficChan max goroutine numbers: 2
2017-10-30 11:01:30 Info github.com/vvotm/go-followfix/app.(*FollowService).ProduceUIDList 读取配置文件UID: [[15 250]]
2017-10-30 11:01:30 Info github.com/vvotm/go-followfix/app.(*FollowService).ProduceUIDList 添加到TrafficChan: [map[]]
2017-10-30 11:01:30 Info github.com/vvotm/go-followfix/app.(*FollowService).appendTraficChan max goroutine numbers: 2
2017-10-30 11:01:59 Info github.com/vvotm/go-followfix/app.(*FollowService).ProduceUIDList 读取配置文件UID: [[15 250]]
2017-10-30 11:01:59 Info github.com/vvotm/go-followfix/app.(*FollowService).ProduceUIDList 添加到TrafficChan: [map[]]
2017-10-30 11:01:59 Info github.com/vvotm/go-followfix/app.(*FollowService).ProduceUIDList ---------------------------------------------------
2017-10-30 11:01:59 Info github.com/vvotm/go-followfix/app.(*FollowService).appendTraficChan max goroutine numbers: 2
2017-10-30 11:04:14 Info github.com/vvotm/go-followfix/app.(*FollowService).ProduceUIDList 读取配置文件UID: [[15 250]]
2017-10-30 11:04:14 Info github.com/vvotm/go-followfix/app.(*FollowService).ProduceUIDList 0
2017-10-30 11:04:14 Info github.com/vvotm/go-followfix/app.(*FollowService).ProduceUIDList 1
2017-10-30 11:04:14 Info github.com/vvotm/go-followfix/app.(*FollowService).ProduceUIDList 添加到TrafficChan: [map[]]
2017-10-30 11:04:14 Info github.com/vvotm/go-followfix/app.(*FollowService).ProduceUIDList ---------------------------------------------------
2017-10-30 11:04:14 Info github.com/vvotm/go-followfix/app.(*FollowService).appendTraficChan max goroutine numbers: 2
2017-10-30 11:06:22 Info github.com/vvotm/go-followfix/app.(*FollowService).ProduceUIDList 读取配置文件UID: [[15 250]]
2017-10-30 11:06:22 Info github.com/vvotm/go-followfix/app.(*FollowService).ProduceUIDList 添加到TrafficChan: [map[]]
2017-10-30 11:06:22 Info github.com/vvotm/go-followfix/app.(*FollowService).ProduceUIDList ---------------------------------------------------
2017-10-30 11:06:22 Info github.com/vvotm/go-followfix/app.(*FollowService).appendTraficChan max goroutine numbers: 2
2017-10-30 11:06:41 Info github.com/vvotm/go-followfix/app.(*FollowService).ProduceUIDList 读取配置文件UID: [[15 250]]
2017-10-30 11:06:41 Info github.com/vvotm/go-followfix/app.(*FollowService).ProduceUIDList 15
2017-10-30 11:06:41 Info github.com/vvotm/go-followfix/app.(*FollowService).ProduceUIDList 250
2017-10-30 11:06:41 Info github.com/vvotm/go-followfix/app.(*FollowService).ProduceUIDList 添加到TrafficChan: [map[]]
2017-10-30 11:06:41 Info github.com/vvotm/go-followfix/app.(*FollowService).ProduceUIDList ---------------------------------------------------
2017-10-30 11:06:41 Info github.com/vvotm/go-followfix/app.(*FollowService).appendTraficChan max goroutine numbers: 2
2017-10-30 11:07:18 Info github.com/vvotm/go-followfix/app.(*FollowService).ProduceUIDList 读取配置文件UID: [[15 250]]
2017-10-30 11:07:18 Info github.com/vvotm/go-followfix/app.(*FollowService).ProduceUIDList 15
2017-10-30 11:07:18 Info github.com/vvotm/go-followfix/app.(*FollowService).ProduceUIDList 250
2017-10-30 11:07:18 Info github.com/vvotm/go-followfix/app.(*FollowService).ProduceUIDList 添加到TrafficChan: [map[]]
2017-10-30 11:07:18 Info github.com/vvotm/go-followfix/app.(*FollowService).ProduceUIDList 添加到TrafficChan22: [map[]]
2017-10-30 11:07:18 Info github.com/vvotm/go-followfix/app.(*FollowService).appendTraficChan max goroutine numbers: 2
2017-10-30 11:08:10 Info github.com/vvotm/go-followfix/app.(*FollowService).ProduceUIDList 读取配置文件UID: [[15 250]]
2017-10-30 11:08:10 Info github.com/vvotm/go-followfix/app.(*FollowService).ProduceUIDList 15
2017-10-30 11:08:10 Info github.com/vvotm/go-followfix/app.(*FollowService).ProduceUIDList 250
2017-10-30 11:08:10 Info github.com/vvotm/go-followfix/app.(*FollowService).ProduceUIDList 添加到TrafficChan: [map[]]
2017-10-30 11:08:10 Info github.com/vvotm/go-followfix/app.(*FollowService).ProduceUIDList 添加到TrafficChan22: [map[]]
2017-10-30 11:08:10 Info github.com/vvotm/go-followfix/app.(*FollowService).appendTraficChan max goroutine numbers: 2
2017-10-30 11:08:27 Info github.com/vvotm/go-followfix/app.(*FollowService).ProduceUIDList 读取配置文件UID: [[15 250]]
2017-10-30 11:08:27 Info github.com/vvotm/go-followfix/app.(*FollowService).ProduceUIDList 15
2017-10-30 11:08:27 Info github.com/vvotm/go-followfix/app.(*FollowService).ProduceUIDList 250
2017-10-30 11:08:27 Info github.com/vvotm/go-followfix/app.(*FollowService).ProduceUIDList 添加到TrafficChan: [map[13:12]]
2017-10-30 11:08:27 Info github.com/vvotm/go-followfix/app.(*FollowService).ProduceUIDList 添加到TrafficChan22: [map[13:12]]
2017-10-30 11:08:27 Info github.com/vvotm/go-followfix/app.(*FollowService).appendTraficChan max goroutine numbers: 3
2017-10-30 11:12:16 Info github.com/vvotm/go-followfix/app.(*FollowService).ProduceUIDList 读取配置文件UID: [[15 250]]
2017-10-30 11:15:28 Info github.com/vvotm/go-followfix/app.(*FollowService).ProduceUIDList 读取配置文件UID: [[15 250]]
2017-10-30 11:16:04 Info github.com/vvotm/go-followfix/app.(*FollowService).ProduceUIDList 读取配置文件UID: [[15 250]]
2017-10-30 11:17:11 Info github.com/vvotm/go-followfix/app.(*FollowService).ProduceUIDList 读取配置文件UID: [[15 250]]
2017-10-30 11:17:11 Info github.com/vvotm/go-followfix/app.(*FollowService).ProduceUIDList 15
2017-10-30 11:17:11 Info github.com/vvotm/go-followfix/app.(*FollowService).ProduceUIDList 250
2017-10-30 11:17:11 Info github.com/vvotm/go-followfix/app.(*FollowService).ProduceUIDList 添加到TrafficChan: [map[]]
2017-10-30 11:17:11 Info github.com/vvotm/go-followfix/app.(*FollowService).ProduceUIDList 添加到TrafficChan22: [map[]]
2017-10-30 11:18:35 Info github.com/vvotm/go-followfix/app.(*FollowService).ProduceUIDList 读取配置文件UID: [[15 250]]
2017-10-30 11:18:35 Info github.com/vvotm/go-followfix/app.(*FollowService).ProduceUIDList 15
2017-10-30 11:18:35 Info github.com/vvotm/go-followfix/app.(*FollowService).ProduceUIDList typeof int
2017-10-30 11:18:35 Info github.com/vvotm/go-followfix/app.(*FollowService).ProduceUIDList 250
2017-10-30 11:18:35 Info github.com/vvotm/go-followfix/app.(*FollowService).ProduceUIDList typeof int
2017-10-30 11:18:35 Info github.com/vvotm/go-followfix/app.(*FollowService).ProduceUIDList 添加到TrafficChan: [map[]]
2017-10-30 11:19:32 Info github.com/vvotm/go-followfix/app.(*FollowService).ProduceUIDList 读取配置文件UID: [15]
2017-10-30 11:19:32 Info github.com/vvotm/go-followfix/app.(*FollowService).ProduceUIDList 15
2017-10-30 11:19:32 Info github.com/vvotm/go-followfix/app.(*FollowService).ProduceUIDList 250
2017-10-30 11:19:32 Info github.com/vvotm/go-followfix/app.(*FollowService).ProduceUIDList 添加到TrafficChan: [map[]]
2017-10-30 11:20:05 Info github.com/vvotm/go-followfix/app.(*FollowService).ProduceUIDList 读取配置文件UID: [15 250]
2017-10-30 11:20:05 Info github.com/vvotm/go-followfix/app.(*FollowService).ProduceUIDList 15
2017-10-30 11:20:05 Info github.com/vvotm/go-followfix/app.(*FollowService).ProduceUIDList 250
2017-10-30 11:20:05 Info github.com/vvotm/go-followfix/app.(*FollowService).ProduceUIDList 添加到TrafficChan: map[] 
2017-10-30 11:20:05 Info github.com/vvotm/go-followfix/app.(*FollowService).ProduceUIDList 添加到TrafficChan22: map[] 
2017-10-30 11:20:05 Info github.com/vvotm/go-followfix/app.(*FollowService).appendTraficChan max goroutine numbers: 2
2017-10-30 11:23:31 Info github.com/vvotm/go-followfix/app.(*FollowService).ProduceUIDList 读取配置文件UID: [15 250]
2017-10-30 11:23:31 Info github.com/vvotm/go-followfix/app.(*FollowService).ProduceUIDList 15
2017-10-30 11:23:31 Info github.com/vvotm/go-followfix/app.(*FollowService).ProduceUIDList 250
2017-10-30 11:23:31 Info github.com/vvotm/go-followfix/app.(*FollowService).ProduceUIDList 添加到TrafficChan: map[] 
2017-10-30 11:23:31 Info github.com/vvotm/go-followfix/app.(*FollowService).ProduceUIDList 添加到TrafficChan: 2 
2017-10-30 11:23:31 Info github.com/vvotm/go-followfix/app.(*FollowService).ProduceUIDList 添加到TrafficChan22: map[] 
2017-10-30 11:23:48 Info github.com/vvotm/go-followfix/app.(*FollowService).ProduceUIDList 读取配置文件UID: [15 250]
2017-10-30 11:23:48 Info github.com/vvotm/go-followfix/app.(*FollowService).ProduceUIDList 15
2017-10-30 11:23:48 Info github.com/vvotm/go-followfix/app.(*FollowService).ProduceUIDList 250
2017-10-30 11:23:48 Info github.com/vvotm/go-followfix/app.(*FollowService).ProduceUIDList 添加到TrafficChan: map[] 
2017-10-30 11:23:48 Info github.com/vvotm/go-followfix/app.(*FollowService).ProduceUIDList 长度: 2 
2017-10-30 11:25:10 Info github.com/vvotm/go-followfix/app.(*FollowService).ProduceUIDList 读取配置文件UID: [15 250]
2017-10-30 11:25:10 Info github.com/vvotm/go-followfix/app.(*FollowService).ProduceUIDList 15
2017-10-30 11:25:10 Info github.com/vvotm/go-followfix/app.(*FollowService).ProduceUIDList 250
2017-10-30 11:25:10 Info github.com/vvotm/go-followfix/app.(*FollowService).ProduceUIDList 添加到 TrafficChan 长:2  实体:map[] 
2017-10-30 11:25:10 Info github.com/vvotm/go-followfix/app.(*FollowService).ProduceUIDList 添加到TrafficChan22: map[] 
2017-10-30 11:25:36 Info github.com/vvotm/go-followfix/app.(*FollowService).ProduceUIDList 读取配置文件UID: [15 250]
2017-10-30 11:25:36 Info github.com/vvotm/go-followfix/app.(*FollowService).ProduceUIDList 15
2017-10-30 11:25:36 Info github.com/vvotm/go-followfix/app.(*FollowService).ProduceUIDList 250
2017-10-30 11:25:36 Info github.com/vvotm/go-followfix/app.(*FollowService).ProduceUIDList 添加到 TrafficChan 长:2  实体:map[] 
2017-10-30 11:25:36 Info github.com/vvotm/go-followfix/app.(*FollowService).ProduceUIDList 添加到TrafficChan22: map[] 
2017-10-30 11:25:36 Info github.com/vvotm/go-followfix/app.(*FollowService).appendTraficChan max goroutine numbers: 2
2017-11-01 16:29:16 Info github.com/vvotm/go-followfix/app.(*FollowService).processSplitTable select uid, anchor from user_follow_1 where  status = 1 and isFriends = 0 and isAnchor = 1
2017-11-01 16:29:16 Info github.com/vvotm/go-followfix/app.(*FollowService).processSplitTable select uid, anchor from user_follow_9 where  status = 1 and isFriends = 0 and isAnchor = 1
2017-11-01 16:29:17 Info github.com/vvotm/go-followfix/app.(*FollowService).processSplitTable select uid, anchor from user_follow_7 where  status = 1 and isFriends = 0 and isAnchor = 1
2017-11-01 16:29:17 Info github.com/vvotm/go-followfix/app.(*FollowService).processSplitTable select uid, anchor from user_follow_4 where  status = 1 and isFriends = 0 and isAnchor = 1
2017-11-01 16:29:17 Info github.com/vvotm/go-followfix/app.(*FollowService).processSplitTable select uid, anchor from user_follow_8 where  status = 1 and isFriends = 0 and isAnchor = 1
2017-11-01 16:29:17 Info github.com/vvotm/go-followfix/app.(*FollowService).processSplitTable select uid, anchor from user_follow_0 where  status = 1 and isFriends = 0 and isAnchor = 1
2017-11-01 16:29:17 Info github.com/vvotm/go-followfix/app.(*FollowService).processSplitTable select uid, anchor from user_follow_2 where  status = 1 and isFriends = 0 and isAnchor = 1
2017-11-01 16:29:17 Info github.com/vvotm/go-followfix/app.(*FollowService).processSplitTable select uid, anchor from user_follow_3 where  status = 1 and isFriends = 0 and isAnchor = 1
2017-11-01 16:29:17 Info github.com/vvotm/go-followfix/app.(*FollowService).processSplitTable select uid, anchor from user_follow_6 where  status = 1 and isFriends = 0 and isAnchor = 1
2017-11-01 16:29:17 Info github.com/vvotm/go-followfix/app.(*FollowService).processSplitTable select uid, anchor from user_follow_5 where  status = 1 and isFriends = 0 and isAnchor = 1
2017-11-01 16:29:20 Info main.TimerUpdate goroutine数量 1030

2017-11-01 16:29:21 Info github.com/vvotm/go-followfix/app.(*FollowService).processSplitTable 表 [user_follow_6] 共[32289] 个UID 

2017-11-01 16:29:21 Info github.com/vvotm/go-followfix/app.(*FollowService).appendTraficChan max goroutine numbers: 1000
2017-11-01 17:20:08 Info github.com/vvotm/go-followfix/app.(*App).Run 处理自己关注自己UID
2017-11-01 17:20:08 Info github.com/vvotm/go-followfix/app.(*FollowService).ProcessDirtyData 删除自己关注自己, 自己粉丝自己完成
2017-11-01 17:21:07 Info github.com/vvotm/go-followfix/app.(*App).Run 处理自己关注自己UID
2017-11-01 17:22:53 Info github.com/vvotm/go-followfix/app.(*App).Run 处理自己关注自己UID
2017-11-01 17:24:06 Info github.com/vvotm/go-followfix/app.(*App).Run 处理自己关注自己UID
2017-11-01 17:24:06 Info github.com/vvotm/go-followfix/app.(*FollowService).ProcessDirtyData 删除自己关注自己, 自己粉丝自己完成
2017-11-01 18:23:40 Info github.com/vvotm/go-followfix/app.(*App).Run 处理自己关注自己UID
2017-11-01 18:23:40 Info github.com/vvotm/go-followfix/app.(*FollowService).ProcessDirtyData 删除自己关注自己, 自己粉丝自己完成
2017-11-01 18:23:41 Info github.com/vvotm/go-followfix/app.(*FollowService).deleteDirtyData select max(id) as maxId from user_follow_0
2017-11-02 09:04:10 Info github.com/vvotm/go-followfix/app.(*App).Run 处理自己关注自己UID
2017-11-02 09:04:10 Info github.com/vvotm/go-followfix/app.(*FollowService).ProcessDirtyData 删除自己关注自己, 自己粉丝自己完成
2017-11-02 09:04:10 Info github.com/vvotm/go-followfix/app.(*FollowService).deleteDirtyData select max(id) as maxId from user_follow_9
2017-11-02 09:17:29 Info github.com/vvotm/go-followfix/app.(*App).Run 处理自己关注自己UID
2017-11-02 09:17:29 Info github.com/vvotm/go-followfix/app.(*FollowService).ProcessDirtyData 删除自己关注自己, 自己粉丝自己完成
2017-11-02 09:17:29 Info github.com/vvotm/go-followfix/app.(*FollowService).deleteDirtyData select max(id) as maxId from user_follow_9
2017-11-02 09:17:29 Info github.com/vvotm/go-followfix/app.(*FollowService).deleteDirtyData select max(id) as maxId from user_follow_4
2017-11-02 09:18:43 Info github.com/vvotm/go-followfix/app.(*App).Run 处理自己关注自己UID
2017-11-02 09:18:43 Info github.com/vvotm/go-followfix/app.(*FollowService).ProcessDirtyData 删除自己关注自己, 自己粉丝自己完成
2017-11-02 09:18:43 Info github.com/vvotm/go-followfix/app.(*FollowService).deleteDirtyData select max(id) as maxId from user_follow_1
2017-11-02 09:24:18 Info github.com/vvotm/go-followfix/app.(*App).Run 处理自己关注自己UID
2017-11-02 09:24:18 Info github.com/vvotm/go-followfix/app.(*FollowService).deleteDirtyData select max(id) as maxId from user_follow_9
2017-11-02 09:25:08 Info github.com/vvotm/go-followfix/app.(*App).Run 处理自己关注自己UID
2017-11-02 09:25:08 Info github.com/vvotm/go-followfix/app.(*FollowService).ProcessDirtyData user_follow_0
2017-11-02 09:25:08 Info github.com/vvotm/go-followfix/app.(*FollowService).ProcessDirtyData user_follow_1
2017-11-02 09:25:08 Info github.com/vvotm/go-followfix/app.(*FollowService).ProcessDirtyData user_follow_2
2017-11-02 09:25:08 Info github.com/vvotm/go-followfix/app.(*FollowService).ProcessDirtyData user_follow_3
2017-11-02 09:25:08 Info github.com/vvotm/go-followfix/app.(*FollowService).ProcessDirtyData user_follow_4
2017-11-02 09:25:24 Info github.com/vvotm/go-followfix/app.(*App).Run 处理自己关注自己UID
2017-11-02 09:25:24 Info github.com/vvotm/go-followfix/app.(*FollowService).ProcessDirtyData user_follow_0
2017-11-02 09:25:24 Info github.com/vvotm/go-followfix/app.(*FollowService).ProcessDirtyData user_follow_1
2017-11-02 09:25:24 Info github.com/vvotm/go-followfix/app.(*FollowService).ProcessDirtyData user_follow_2
2017-11-02 09:26:07 Info github.com/vvotm/go-followfix/app.(*App).Run 处理自己关注自己UID
2017-11-02 09:26:07 Info github.com/vvotm/go-followfix/app.(*FollowService).ProcessDirtyData user_follow_0
2017-11-02 09:26:07 Info github.com/vvotm/go-followfix/app.(*FollowService).ProcessDirtyData user_follow_1
2017-11-02 09:26:07 Info github.com/vvotm/go-followfix/app.(*FollowService).ProcessDirtyData user_follow_2
2017-11-02 09:26:07 Info github.com/vvotm/go-followfix/app.(*FollowService).ProcessDirtyData user_follow_3
2017-11-02 09:26:07 Info github.com/vvotm/go-followfix/app.(*FollowService).ProcessDirtyData user_follow_4
2017-11-02 09:26:07 Info github.com/vvotm/go-followfix/app.(*FollowService).ProcessDirtyData user_follow_5
2017-11-02 09:26:07 Info github.com/vvotm/go-followfix/app.(*FollowService).ProcessDirtyData user_follow_6
2017-11-02 09:26:07 Info github.com/vvotm/go-followfix/app.(*FollowService).ProcessDirtyData user_follow_7
2017-11-02 09:26:07 Info github.com/vvotm/go-followfix/app.(*FollowService).ProcessDirtyData user_follow_8
2017-11-02 09:26:07 Info github.com/vvotm/go-followfix/app.(*FollowService).ProcessDirtyData user_follow_9
2017-11-02 09:26:08 Info github.com/vvotm/go-followfix/app.(*FollowService).deleteDirtyData select max(id) as maxId from user_follow_4
2017-11-02 09:26:08 Info github.com/vvotm/go-followfix/app.(*FollowService).deleteDirtyData max id 0
2017-11-02 09:26:08 Info github.com/vvotm/go-followfix/app.(*FollowService).deleteDirtyData select max(id) as maxId from user_follow_0
2017-11-02 09:26:08 Info github.com/vvotm/go-followfix/app.(*FollowService).deleteDirtyData select max(id) as maxId from user_follow_3
2017-11-02 09:26:08 Info github.com/vvotm/go-followfix/app.(*FollowService).deleteDirtyData select max(id) as maxId from user_follow_2
2017-11-02 09:26:08 Info github.com/vvotm/go-followfix/app.(*FollowService).deleteDirtyData select max(id) as maxId from user_follow_5
2017-11-02 09:26:08 Info github.com/vvotm/go-followfix/app.(*FollowService).deleteDirtyData select max(id) as maxId from user_follow_9
2017-11-02 09:26:08 Info github.com/vvotm/go-followfix/app.(*FollowService).deleteDirtyData select max(id) as maxId from user_follow_7
2017-11-02 09:26:08 Info github.com/vvotm/go-followfix/app.(*FollowService).deleteDirtyData select max(id) as maxId from user_follow_8
2017-11-02 09:26:08 Info github.com/vvotm/go-followfix/app.(*FollowService).deleteDirtyData max id 0
2017-11-02 09:26:08 Info github.com/vvotm/go-followfix/app.(*FollowService).deleteDirtyData max id 0
2017-11-02 09:26:08 Info github.com/vvotm/go-followfix/app.(*FollowService).deleteDirtyData max id 0
2017-11-02 09:26:08 Info github.com/vvotm/go-followfix/app.(*FollowService).deleteDirtyData max id 0
2017-11-02 09:26:08 Info github.com/vvotm/go-followfix/app.(*FollowService).deleteDirtyData max id 0
2017-11-02 09:26:08 Info github.com/vvotm/go-followfix/app.(*FollowService).deleteDirtyData max id 0
2017-11-02 09:26:08 Info github.com/vvotm/go-followfix/app.(*FollowService).deleteDirtyData max id 0
2017-11-02 09:26:08 Info github.com/vvotm/go-followfix/app.(*FollowService).deleteDirtyData select max(id) as maxId from user_follow_1
2017-11-02 09:26:08 Info github.com/vvotm/go-followfix/app.(*FollowService).deleteDirtyData select max(id) as maxId from user_follow_6
2017-11-02 09:26:08 Info github.com/vvotm/go-followfix/app.(*FollowService).deleteDirtyData max id 0
2017-11-02 09:26:08 Info github.com/vvotm/go-followfix/app.(*FollowService).deleteDirtyData max id 0
2017-11-02 09:26:08 Info github.com/vvotm/go-followfix/app.(*FollowService).ProcessDirtyData 删除自己关注自己, 自己粉丝自己完成
2017-11-02 09:26:11 Info main.TimerUpdate goroutine数量 1009

2017-11-02 09:26:15 Info main.TimerUpdate goroutine数量 1009

2017-11-02 09:26:19 Info main.TimerUpdate goroutine数量 1009

2017-11-02 09:26:23 Info main.TimerUpdate goroutine数量 1009

2017-11-02 09:28:12 Info github.com/vvotm/go-followfix/app.(*App).Run 处理自己关注自己UID
2017-11-02 09:28:12 Info github.com/vvotm/go-followfix/app.(*FollowService).ProcessDirtyData user_follow_0
2017-11-02 09:28:12 Info github.com/vvotm/go-followfix/app.(*FollowService).ProcessDirtyData user_follow_1
2017-11-02 09:28:12 Info github.com/vvotm/go-followfix/app.(*FollowService).ProcessDirtyData user_follow_2
2017-11-02 09:28:12 Info github.com/vvotm/go-followfix/app.(*FollowService).ProcessDirtyData user_follow_3
2017-11-02 09:28:12 Info github.com/vvotm/go-followfix/app.(*FollowService).ProcessDirtyData user_follow_4
2017-11-02 09:28:12 Info github.com/vvotm/go-followfix/app.(*FollowService).ProcessDirtyData user_follow_5
2017-11-02 09:28:12 Info github.com/vvotm/go-followfix/app.(*FollowService).ProcessDirtyData user_follow_6
2017-11-02 09:28:12 Info github.com/vvotm/go-followfix/app.(*FollowService).ProcessDirtyData user_follow_7
2017-11-02 09:28:12 Info github.com/vvotm/go-followfix/app.(*FollowService).ProcessDirtyData user_follow_8
2017-11-02 09:28:12 Info github.com/vvotm/go-followfix/app.(*FollowService).ProcessDirtyData user_follow_9
2017-11-02 09:28:12 Info github.com/vvotm/go-followfix/app.(*FollowService).deleteDirtyData select max(id) from user_follow_2
2017-11-02 09:28:12 Info github.com/vvotm/go-followfix/app.(*FollowService).deleteDirtyData max id 0
2017-11-02 09:28:13 Info github.com/vvotm/go-followfix/app.(*FollowService).deleteDirtyData select max(id) from user_follow_4
2017-11-02 09:28:13 Info github.com/vvotm/go-followfix/app.(*FollowService).deleteDirtyData select max(id) from user_follow_8
2017-11-02 09:28:13 Info github.com/vvotm/go-followfix/app.(*FollowService).deleteDirtyData select max(id) from user_follow_3
2017-11-02 09:28:13 Info github.com/vvotm/go-followfix/app.(*FollowService).deleteDirtyData max id 0
2017-11-02 09:28:13 Info github.com/vvotm/go-followfix/app.(*FollowService).deleteDirtyData max id 0
2017-11-02 09:28:13 Info github.com/vvotm/go-followfix/app.(*FollowService).deleteDirtyData max id 0
2017-11-02 09:28:13 Info github.com/vvotm/go-followfix/app.(*FollowService).deleteDirtyData select max(id) from user_follow_7
2017-11-02 09:28:13 Info github.com/vvotm/go-followfix/app.(*FollowService).deleteDirtyData max id 0
2017-11-02 09:28:13 Info github.com/vvotm/go-followfix/app.(*FollowService).deleteDirtyData select max(id) from user_follow_6
2017-11-02 09:28:13 Info github.com/vvotm/go-followfix/app.(*FollowService).deleteDirtyData select max(id) from user_follow_1
2017-11-02 09:28:13 Info github.com/vvotm/go-followfix/app.(*FollowService).deleteDirtyData select max(id) from user_follow_9
2017-11-02 09:28:13 Info github.com/vvotm/go-followfix/app.(*FollowService).deleteDirtyData max id 0
2017-11-02 09:28:13 Info github.com/vvotm/go-followfix/app.(*FollowService).deleteDirtyData max id 0
2017-11-02 09:28:13 Info github.com/vvotm/go-followfix/app.(*FollowService).deleteDirtyData select max(id) from user_follow_0
2017-11-02 09:28:13 Info github.com/vvotm/go-followfix/app.(*FollowService).deleteDirtyData select max(id) from user_follow_5
2017-11-02 09:28:13 Info github.com/vvotm/go-followfix/app.(*FollowService).deleteDirtyData max id 0
2017-11-02 09:28:13 Info github.com/vvotm/go-followfix/app.(*FollowService).deleteDirtyData max id 0
2017-11-02 09:28:13 Info github.com/vvotm/go-followfix/app.(*FollowService).deleteDirtyData max id 0
2017-11-02 09:28:13 Info github.com/vvotm/go-followfix/app.(*FollowService).ProcessDirtyData 删除自己关注自己, 自己粉丝自己完成
2017-11-02 09:28:16 Info main.TimerUpdate goroutine数量 1009

2017-11-02 09:28:20 Info main.TimerUpdate goroutine数量 1009

2017-11-02 09:28:24 Info main.TimerUpdate goroutine数量 1009

2017-11-02 09:28:28 Info main.TimerUpdate goroutine数量 1009

2017-11-02 09:28:32 Info main.TimerUpdate goroutine数量 1009

2017-11-02 09:28:36 Info main.TimerUpdate goroutine数量 1009

2017-11-02 09:28:40 Info main.TimerUpdate goroutine数量 1009

2017-11-02 09:28:44 Info main.TimerUpdate goroutine数量 1009

2017-11-02 09:28:48 Info main.TimerUpdate goroutine数量 1009

2017-11-02 09:28:52 Info main.TimerUpdate goroutine数量 1009

2017-11-02 09:28:56 Info main.TimerUpdate goroutine数量 1009

2017-11-02 09:29:34 Info github.com/vvotm/go-followfix/app.(*App).Run 处理自己关注自己UID
2017-11-02 09:29:34 Info github.com/vvotm/go-followfix/app.(*FollowService).ProcessDirtyData user_follow_0
2017-11-02 09:29:34 Info github.com/vvotm/go-followfix/app.(*FollowService).ProcessDirtyData user_follow_1
2017-11-02 09:29:34 Info github.com/vvotm/go-followfix/app.(*FollowService).ProcessDirtyData user_follow_2
2017-11-02 09:29:34 Info github.com/vvotm/go-followfix/app.(*FollowService).ProcessDirtyData user_follow_3
2017-11-02 09:29:34 Info github.com/vvotm/go-followfix/app.(*FollowService).ProcessDirtyData user_follow_4
2017-11-02 09:29:34 Info github.com/vvotm/go-followfix/app.(*FollowService).ProcessDirtyData user_follow_5
2017-11-02 09:29:34 Info github.com/vvotm/go-followfix/app.(*FollowService).ProcessDirtyData user_follow_6
2017-11-02 09:29:34 Info github.com/vvotm/go-followfix/app.(*FollowService).ProcessDirtyData user_follow_7
2017-11-02 09:29:34 Info github.com/vvotm/go-followfix/app.(*FollowService).ProcessDirtyData user_follow_8
2017-11-02 09:29:34 Info github.com/vvotm/go-followfix/app.(*FollowService).ProcessDirtyData user_follow_9
2017-11-02 09:29:34 Info github.com/vvotm/go-followfix/app.(*FollowService).deleteDirtyData select max(id) as maxId from user_follow_6
2017-11-02 09:29:34 Info github.com/vvotm/go-followfix/app.(*FollowService).deleteDirtyData select max(id) as maxId from user_follow_3
2017-11-02 09:29:34 Info github.com/vvotm/go-followfix/app.(*FollowService).deleteDirtyData select max(id) as maxId from user_follow_2
2017-11-02 09:29:34 Info github.com/vvotm/go-followfix/app.(*FollowService).deleteDirtyData max id 0
2017-11-02 09:29:34 Info github.com/vvotm/go-followfix/app.(*FollowService).deleteDirtyData max id 0
2017-11-02 09:29:34 Info github.com/vvotm/go-followfix/app.(*FollowService).deleteDirtyData max id 0
2017-11-02 09:29:34 Info github.com/vvotm/go-followfix/app.(*FollowService).deleteDirtyData select max(id) as maxId from user_follow_1
2017-11-02 09:29:34 Info github.com/vvotm/go-followfix/app.(*FollowService).deleteDirtyData select max(id) as maxId from user_follow_5
2017-11-02 09:29:34 Info github.com/vvotm/go-followfix/app.(*FollowService).deleteDirtyData max id 0
2017-11-02 09:29:34 Info github.com/vvotm/go-followfix/app.(*FollowService).deleteDirtyData max id 0
2017-11-02 09:29:34 Info github.com/vvotm/go-followfix/app.(*FollowService).deleteDirtyData select max(id) as maxId from user_follow_0
2017-11-02 09:29:34 Info github.com/vvotm/go-followfix/app.(*FollowService).deleteDirtyData select max(id) as maxId from user_follow_8
2017-11-02 09:29:34 Info github.com/vvotm/go-followfix/app.(*FollowService).deleteDirtyData select max(id) as maxId from user_follow_4
2017-11-02 09:29:34 Info github.com/vvotm/go-followfix/app.(*FollowService).deleteDirtyData select max(id) as maxId from user_follow_9
2017-11-02 09:29:34 Info github.com/vvotm/go-followfix/app.(*FollowService).deleteDirtyData select max(id) as maxId from user_follow_7
2017-11-02 09:29:34 Info github.com/vvotm/go-followfix/app.(*FollowService).deleteDirtyData max id 0
2017-11-02 09:29:34 Info github.com/vvotm/go-followfix/app.(*FollowService).deleteDirtyData max id 0
2017-11-02 09:29:34 Info github.com/vvotm/go-followfix/app.(*FollowService).deleteDirtyData max id 0
2017-11-02 09:29:34 Info github.com/vvotm/go-followfix/app.(*FollowService).deleteDirtyData max id 0
2017-11-02 09:29:34 Info github.com/vvotm/go-followfix/app.(*FollowService).deleteDirtyData max id 0
2017-11-02 09:29:34 Info github.com/vvotm/go-followfix/app.(*FollowService).ProcessDirtyData 删除自己关注自己, 自己粉丝自己完成
2017-11-02 09:29:38 Info main.TimerUpdate goroutine数量 1009

2017-11-02 09:30:01 Info github.com/vvotm/go-followfix/app.(*App).Run 处理自己关注自己UID
2017-11-02 09:30:01 Info github.com/vvotm/go-followfix/app.(*FollowService).ProcessDirtyData user_follow_0
2017-11-02 09:30:01 Info github.com/vvotm/go-followfix/app.(*FollowService).ProcessDirtyData user_follow_1
2017-11-02 09:30:01 Info github.com/vvotm/go-followfix/app.(*FollowService).ProcessDirtyData user_follow_2
2017-11-02 09:30:01 Info github.com/vvotm/go-followfix/app.(*FollowService).ProcessDirtyData user_follow_3
2017-11-02 09:30:01 Info github.com/vvotm/go-followfix/app.(*FollowService).ProcessDirtyData user_follow_4
2017-11-02 09:30:01 Info github.com/vvotm/go-followfix/app.(*FollowService).ProcessDirtyData user_follow_5
2017-11-02 09:30:01 Info github.com/vvotm/go-followfix/app.(*FollowService).ProcessDirtyData user_follow_6
2017-11-02 09:30:01 Info github.com/vvotm/go-followfix/app.(*FollowService).ProcessDirtyData user_follow_7
2017-11-02 09:30:01 Info github.com/vvotm/go-followfix/app.(*FollowService).ProcessDirtyData user_follow_8
2017-11-02 09:30:01 Info github.com/vvotm/go-followfix/app.(*FollowService).ProcessDirtyData user_follow_9
2017-11-02 09:30:01 Info github.com/vvotm/go-followfix/app.(*FollowService).deleteDirtyData select max(id) as maxId from user_follow_1
2017-11-02 09:30:01 Info github.com/vvotm/go-followfix/app.(*FollowService).deleteDirtyData select max(id) as maxId from user_follow_3
2017-11-02 09:30:01 Info github.com/vvotm/go-followfix/app.(*FollowService).deleteDirtyData max id 0
2017-11-02 09:30:01 Info github.com/vvotm/go-followfix/app.(*FollowService).deleteDirtyData max id 0
2017-11-02 09:30:01 Info github.com/vvotm/go-followfix/app.(*FollowService).deleteDirtyData select max(id) as maxId from user_follow_8
2017-11-02 09:30:01 Info github.com/vvotm/go-followfix/app.(*FollowService).deleteDirtyData select max(id) as maxId from user_follow_6
2017-11-02 09:30:01 Info github.com/vvotm/go-followfix/app.(*FollowService).deleteDirtyData select max(id) as maxId from user_follow_7
2017-11-02 09:30:01 Info github.com/vvotm/go-followfix/app.(*FollowService).deleteDirtyData max id 0
2017-11-02 09:30:01 Info github.com/vvotm/go-followfix/app.(*FollowService).deleteDirtyData max id 0
2017-11-02 09:30:01 Info github.com/vvotm/go-followfix/app.(*FollowService).deleteDirtyData max id 0
2017-11-02 09:30:01 Info github.com/vvotm/go-followfix/app.(*FollowService).deleteDirtyData select max(id) as maxId from user_follow_0
2017-11-02 09:30:01 Info github.com/vvotm/go-followfix/app.(*FollowService).deleteDirtyData select max(id) as maxId from user_follow_9
2017-11-02 09:30:01 Info github.com/vvotm/go-followfix/app.(*FollowService).deleteDirtyData max id 0
2017-11-02 09:30:01 Info github.com/vvotm/go-followfix/app.(*FollowService).deleteDirtyData max id 0
2017-11-02 09:30:01 Info github.com/vvotm/go-followfix/app.(*FollowService).deleteDirtyData select max(id) as maxId from user_follow_2
2017-11-02 09:30:01 Info github.com/vvotm/go-followfix/app.(*FollowService).deleteDirtyData select max(id) as maxId from user_follow_5
2017-11-02 09:30:01 Info github.com/vvotm/go-followfix/app.(*FollowService).deleteDirtyData max id 0
2017-11-02 09:30:01 Info github.com/vvotm/go-followfix/app.(*FollowService).deleteDirtyData select max(id) as maxId from user_follow_4
2017-11-02 09:30:01 Info github.com/vvotm/go-followfix/app.(*FollowService).deleteDirtyData max id 0
2017-11-02 09:30:01 Info github.com/vvotm/go-followfix/app.(*FollowService).deleteDirtyData max id 0
2017-11-02 09:30:01 Info github.com/vvotm/go-followfix/app.(*FollowService).ProcessDirtyData 删除自己关注自己, 自己粉丝自己完成
2017-11-02 09:30:05 Info main.TimerUpdate goroutine数量 1009

2017-11-02 09:30:27 Info github.com/vvotm/go-followfix/app.(*App).Run 处理自己关注自己UID
2017-11-02 09:30:27 Info github.com/vvotm/go-followfix/app.(*FollowService).ProcessDirtyData user_follow_0
2017-11-02 09:30:27 Info github.com/vvotm/go-followfix/app.(*FollowService).ProcessDirtyData user_follow_1
2017-11-02 09:30:27 Info github.com/vvotm/go-followfix/app.(*FollowService).ProcessDirtyData user_follow_2
2017-11-02 09:30:27 Info github.com/vvotm/go-followfix/app.(*FollowService).ProcessDirtyData user_follow_3
2017-11-02 09:30:27 Info github.com/vvotm/go-followfix/app.(*FollowService).ProcessDirtyData user_follow_4
2017-11-02 09:30:27 Info github.com/vvotm/go-followfix/app.(*FollowService).ProcessDirtyData user_follow_5
2017-11-02 09:30:27 Info github.com/vvotm/go-followfix/app.(*FollowService).ProcessDirtyData user_follow_6
2017-11-02 09:30:27 Info github.com/vvotm/go-followfix/app.(*FollowService).ProcessDirtyData user_follow_7
2017-11-02 09:30:27 Info github.com/vvotm/go-followfix/app.(*FollowService).ProcessDirtyData user_follow_8
2017-11-02 09:30:27 Info github.com/vvotm/go-followfix/app.(*FollowService).ProcessDirtyData user_follow_9
2017-11-02 09:30:27 Info github.com/vvotm/go-followfix/app.(*FollowService).deleteDirtyData select id as maxId from user_follow_0 limit 1
2017-11-02 09:30:27 Info github.com/vvotm/go-followfix/app.(*FollowService).deleteDirtyData max id 0
2017-11-02 09:30:27 Info github.com/vvotm/go-followfix/app.(*FollowService).deleteDirtyData select id as maxId from user_follow_9 limit 1
2017-11-02 09:30:27 Info github.com/vvotm/go-followfix/app.(*FollowService).deleteDirtyData select id as maxId from user_follow_3 limit 1
2017-11-02 09:30:27 Info github.com/vvotm/go-followfix/app.(*FollowService).deleteDirtyData select id as maxId from user_follow_6 limit 1
2017-11-02 09:30:27 Info github.com/vvotm/go-followfix/app.(*FollowService).deleteDirtyData select id as maxId from user_follow_7 limit 1
2017-11-02 09:30:27 Info github.com/vvotm/go-followfix/app.(*FollowService).deleteDirtyData select id as maxId from user_follow_4 limit 1
2017-11-02 09:30:27 Info github.com/vvotm/go-followfix/app.(*FollowService).deleteDirtyData max id 0
2017-11-02 09:30:27 Info github.com/vvotm/go-followfix/app.(*FollowService).deleteDirtyData max id 0
2017-11-02 09:30:27 Info github.com/vvotm/go-followfix/app.(*FollowService).deleteDirtyData max id 0
2017-11-02 09:30:27 Info github.com/vvotm/go-followfix/app.(*FollowService).deleteDirtyData max id 0
2017-11-02 09:30:27 Info github.com/vvotm/go-followfix/app.(*FollowService).deleteDirtyData max id 0
2017-11-02 09:30:27 Info github.com/vvotm/go-followfix/app.(*FollowService).deleteDirtyData select id as maxId from user_follow_2 limit 1
2017-11-02 09:30:27 Info github.com/vvotm/go-followfix/app.(*FollowService).deleteDirtyData select id as maxId from user_follow_1 limit 1
2017-11-02 09:30:27 Info github.com/vvotm/go-followfix/app.(*FollowService).deleteDirtyData select id as maxId from user_follow_8 limit 1
2017-11-02 09:30:27 Info github.com/vvotm/go-followfix/app.(*FollowService).deleteDirtyData select id as maxId from user_follow_5 limit 1
2017-11-02 09:30:27 Info github.com/vvotm/go-followfix/app.(*FollowService).deleteDirtyData max id 0
2017-11-02 09:30:27 Info github.com/vvotm/go-followfix/app.(*FollowService).deleteDirtyData max id 0
2017-11-02 09:30:27 Info github.com/vvotm/go-followfix/app.(*FollowService).deleteDirtyData max id 0
2017-11-02 09:30:27 Info github.com/vvotm/go-followfix/app.(*FollowService).deleteDirtyData max id 0
2017-11-02 09:30:27 Info github.com/vvotm/go-followfix/app.(*FollowService).ProcessDirtyData 删除自己关注自己, 自己粉丝自己完成
2017-11-02 09:30:31 Info main.TimerUpdate goroutine数量 1009

2017-11-02 09:30:37 Info github.com/vvotm/go-followfix/app.(*App).Run 处理自己关注自己UID
2017-11-02 09:30:37 Info github.com/vvotm/go-followfix/app.(*FollowService).ProcessDirtyData user_follow_0
2017-11-02 09:30:37 Info github.com/vvotm/go-followfix/app.(*FollowService).ProcessDirtyData user_follow_1
2017-11-02 09:30:37 Info github.com/vvotm/go-followfix/app.(*FollowService).ProcessDirtyData user_follow_2
2017-11-02 09:30:37 Info github.com/vvotm/go-followfix/app.(*FollowService).ProcessDirtyData user_follow_3
2017-11-02 09:30:37 Info github.com/vvotm/go-followfix/app.(*FollowService).ProcessDirtyData user_follow_4
2017-11-02 09:30:37 Info github.com/vvotm/go-followfix/app.(*FollowService).ProcessDirtyData user_follow_5
2017-11-02 09:30:37 Info github.com/vvotm/go-followfix/app.(*FollowService).ProcessDirtyData user_follow_6
2017-11-02 09:30:37 Info github.com/vvotm/go-followfix/app.(*FollowService).ProcessDirtyData user_follow_7
2017-11-02 09:30:37 Info github.com/vvotm/go-followfix/app.(*FollowService).ProcessDirtyData user_follow_8
2017-11-02 09:30:37 Info github.com/vvotm/go-followfix/app.(*FollowService).ProcessDirtyData user_follow_9
2017-11-02 09:30:37 Info github.com/vvotm/go-followfix/app.(*FollowService).deleteDirtyData select id from user_follow_0 limit 1
2017-11-02 09:30:37 Info github.com/vvotm/go-followfix/app.(*FollowService).deleteDirtyData select id from user_follow_3 limit 1
2017-11-02 09:30:37 Info github.com/vvotm/go-followfix/app.(*FollowService).deleteDirtyData max id 0
2017-11-02 09:30:37 Info github.com/vvotm/go-followfix/app.(*FollowService).deleteDirtyData max id 0
2017-11-02 09:30:37 Info github.com/vvotm/go-followfix/app.(*FollowService).deleteDirtyData select id from user_follow_4 limit 1
2017-11-02 09:30:37 Info github.com/vvotm/go-followfix/app.(*FollowService).deleteDirtyData max id 0
2017-11-02 09:30:37 Info github.com/vvotm/go-followfix/app.(*FollowService).deleteDirtyData select id from user_follow_5 limit 1
2017-11-02 09:30:37 Info github.com/vvotm/go-followfix/app.(*FollowService).deleteDirtyData max id 0
2017-11-02 09:30:37 Info github.com/vvotm/go-followfix/app.(*FollowService).deleteDirtyData select id from user_follow_1 limit 1
2017-11-02 09:30:37 Info github.com/vvotm/go-followfix/app.(*FollowService).deleteDirtyData select id from user_follow_8 limit 1
2017-11-02 09:30:37 Info github.com/vvotm/go-followfix/app.(*FollowService).deleteDirtyData select id from user_follow_7 limit 1
2017-11-02 09:30:37 Info github.com/vvotm/go-followfix/app.(*FollowService).deleteDirtyData select id from user_follow_9 limit 1
2017-11-02 09:30:37 Info github.com/vvotm/go-followfix/app.(*FollowService).deleteDirtyData select id from user_follow_6 limit 1
2017-11-02 09:30:37 Info github.com/vvotm/go-followfix/app.(*FollowService).deleteDirtyData max id 0
2017-11-02 09:30:37 Info github.com/vvotm/go-followfix/app.(*FollowService).deleteDirtyData max id 0
2017-11-02 09:30:37 Info github.com/vvotm/go-followfix/app.(*FollowService).deleteDirtyData max id 0
2017-11-02 09:30:37 Info github.com/vvotm/go-followfix/app.(*FollowService).deleteDirtyData max id 0
2017-11-02 09:30:37 Info github.com/vvotm/go-followfix/app.(*FollowService).deleteDirtyData select id from user_follow_2 limit 1
2017-11-02 09:30:37 Info github.com/vvotm/go-followfix/app.(*FollowService).deleteDirtyData max id 0
2017-11-02 09:30:37 Info github.com/vvotm/go-followfix/app.(*FollowService).deleteDirtyData max id 0
2017-11-02 09:30:37 Info github.com/vvotm/go-followfix/app.(*FollowService).ProcessDirtyData 删除自己关注自己, 自己粉丝自己完成
2017-11-02 09:43:00 Info github.com/vvotm/go-followfix/app.(*App).Run 处理自己关注自己UID
2017-11-02 09:43:00 Info github.com/vvotm/go-followfix/app.(*FollowService).ProcessDirtyData user_follow_0
2017-11-02 09:43:00 Info github.com/vvotm/go-followfix/app.(*FollowService).ProcessDirtyData user_follow_1
2017-11-02 09:43:00 Info github.com/vvotm/go-followfix/app.(*FollowService).ProcessDirtyData user_follow_2
2017-11-02 09:43:00 Info github.com/vvotm/go-followfix/app.(*FollowService).ProcessDirtyData user_follow_3
2017-11-02 09:43:00 Info github.com/vvotm/go-followfix/app.(*FollowService).ProcessDirtyData user_follow_4
2017-11-02 09:43:00 Info github.com/vvotm/go-followfix/app.(*FollowService).ProcessDirtyData user_follow_5
2017-11-02 09:43:00 Info github.com/vvotm/go-followfix/app.(*FollowService).ProcessDirtyData user_follow_6
2017-11-02 09:43:00 Info github.com/vvotm/go-followfix/app.(*FollowService).ProcessDirtyData user_follow_7
2017-11-02 09:43:00 Info github.com/vvotm/go-followfix/app.(*FollowService).ProcessDirtyData user_follow_8
2017-11-02 09:43:00 Info github.com/vvotm/go-followfix/app.(*FollowService).ProcessDirtyData user_follow_9
2017-11-02 09:43:00 Info github.com/vvotm/go-followfix/app.(*FollowService).deleteDirtyData select max(id) from user_follow_9 
2017-11-02 09:43:00 Info github.com/vvotm/go-followfix/app.(*FollowService).deleteDirtyData select max(id) from user_follow_0 
2017-11-02 09:43:00 Info github.com/vvotm/go-followfix/app.(*FollowService).deleteDirtyData select max(id) from user_follow_5 
2017-11-02 09:43:00 Info github.com/vvotm/go-followfix/app.(*FollowService).deleteDirtyData select max(id) from user_follow_6 
2017-11-02 09:43:00 Info github.com/vvotm/go-followfix/app.(*FollowService).deleteDirtyData max id 589712
2017-11-02 09:43:00 Info github.com/vvotm/go-followfix/app.(*FollowService).deleteDirtyData select uid from user_follow_0 where id <= 100000 group by uid
2017-11-02 09:43:00 Info github.com/vvotm/go-followfix/app.(*FollowService).deleteDirtyData max id 589724
2017-11-02 09:43:00 Info github.com/vvotm/go-followfix/app.(*FollowService).deleteDirtyData select uid from user_follow_5 where id <= 100000 group by uid
2017-11-02 09:43:00 Info github.com/vvotm/go-followfix/app.(*FollowService).deleteDirtyData max id 589729
2017-11-02 09:43:00 Info github.com/vvotm/go-followfix/app.(*FollowService).deleteDirtyData select uid from user_follow_9 where id <= 100000 group by uid
2017-11-02 09:43:00 Info github.com/vvotm/go-followfix/app.(*FollowService).deleteDirtyData select max(id) from user_follow_7 
2017-11-02 09:43:00 Info github.com/vvotm/go-followfix/app.(*FollowService).deleteDirtyData select max(id) from user_follow_1 
2017-11-02 09:43:00 Info github.com/vvotm/go-followfix/app.(*FollowService).deleteDirtyData max id 589721
2017-11-02 09:43:00 Info github.com/vvotm/go-followfix/app.(*FollowService).deleteDirtyData select uid from user_follow_7 where id <= 100000 group by uid
2017-11-02 09:43:00 Info github.com/vvotm/go-followfix/app.(*FollowService).deleteDirtyData select max(id) from user_follow_3 
2017-11-02 09:43:00 Info github.com/vvotm/go-followfix/app.(*FollowService).deleteDirtyData select max(id) from user_follow_8 
2017-11-02 09:43:00 Info github.com/vvotm/go-followfix/app.(*FollowService).deleteDirtyData select max(id) from user_follow_2 
2017-11-02 09:43:00 Info github.com/vvotm/go-followfix/app.(*FollowService).deleteDirtyData select max(id) from user_follow_4 
2017-11-02 09:43:00 Info github.com/vvotm/go-followfix/app.(*FollowService).deleteDirtyData max id 589683
2017-11-02 09:43:00 Info github.com/vvotm/go-followfix/app.(*FollowService).deleteDirtyData select uid from user_follow_8 where id <= 100000 group by uid
2017-11-02 09:43:00 Info github.com/vvotm/go-followfix/app.(*FollowService).deleteDirtyData max id 589674
2017-11-02 09:43:00 Info github.com/vvotm/go-followfix/app.(*FollowService).deleteDirtyData select uid from user_follow_6 where id <= 100000 group by uid
2017-11-02 09:43:00 Info github.com/vvotm/go-followfix/app.(*FollowService).deleteDirtyData max id 589711
2017-11-02 09:43:00 Info github.com/vvotm/go-followfix/app.(*FollowService).deleteDirtyData select uid from user_follow_2 where id <= 100000 group by uid
2017-11-02 09:43:00 Info github.com/vvotm/go-followfix/app.(*FollowService).deleteDirtyData max id 589717
2017-11-02 09:43:00 Info github.com/vvotm/go-followfix/app.(*FollowService).deleteDirtyData select uid from user_follow_4 where id <= 100000 group by uid
2017-11-02 09:43:00 Info github.com/vvotm/go-followfix/app.(*FollowService).deleteDirtyData max id 589727
2017-11-02 09:43:00 Info github.com/vvotm/go-followfix/app.(*FollowService).deleteDirtyData select uid from user_follow_3 where id <= 100000 group by uid
2017-11-02 09:43:00 Info github.com/vvotm/go-followfix/app.(*FollowService).deleteDirtyData max id 589704
2017-11-02 09:43:00 Info github.com/vvotm/go-followfix/app.(*FollowService).deleteDirtyData select uid from user_follow_1 where id <= 100000 group by uid
2017-11-02 09:43:04 Info main.TimerUpdate goroutine数量 1030

2017-11-02 09:43:33 Info github.com/vvotm/go-followfix/app.(*App).Run 处理自己关注自己UID
2017-11-02 09:43:33 Info github.com/vvotm/go-followfix/app.(*FollowService).ProcessDirtyData user_follow_0
2017-11-02 09:43:33 Info github.com/vvotm/go-followfix/app.(*FollowService).ProcessDirtyData user_follow_1
2017-11-02 09:43:33 Info github.com/vvotm/go-followfix/app.(*FollowService).ProcessDirtyData user_follow_2
2017-11-02 09:43:33 Info github.com/vvotm/go-followfix/app.(*FollowService).ProcessDirtyData user_follow_3
2017-11-02 09:43:33 Info github.com/vvotm/go-followfix/app.(*FollowService).ProcessDirtyData user_follow_4
2017-11-02 09:43:33 Info github.com/vvotm/go-followfix/app.(*FollowService).ProcessDirtyData user_follow_5
2017-11-02 09:43:33 Info github.com/vvotm/go-followfix/app.(*FollowService).ProcessDirtyData user_follow_6
2017-11-02 09:43:33 Info github.com/vvotm/go-followfix/app.(*FollowService).ProcessDirtyData user_follow_7
2017-11-02 09:43:33 Info github.com/vvotm/go-followfix/app.(*FollowService).ProcessDirtyData user_follow_8
2017-11-02 09:43:33 Info github.com/vvotm/go-followfix/app.(*FollowService).ProcessDirtyData user_follow_9
2017-11-02 09:43:33 Info github.com/vvotm/go-followfix/app.(*FollowService).deleteDirtyData select max(id) from user_follow_8 
2017-11-02 09:43:33 Info github.com/vvotm/go-followfix/app.(*FollowService).deleteDirtyData max id 589683
2017-11-02 09:43:33 Info github.com/vvotm/go-followfix/app.(*FollowService).deleteDirtyData select uid from user_follow_8 where id <= 100000 group by uid
2017-11-02 09:43:33 Info github.com/vvotm/go-followfix/app.(*FollowService).deleteDirtyData select max(id) from user_follow_0 
2017-11-02 09:43:33 Info github.com/vvotm/go-followfix/app.(*FollowService).deleteDirtyData select max(id) from user_follow_7 
2017-11-02 09:43:33 Info github.com/vvotm/go-followfix/app.(*FollowService).deleteDirtyData select max(id) from user_follow_3 
2017-11-02 09:43:33 Info github.com/vvotm/go-followfix/app.(*FollowService).deleteDirtyData select max(id) from user_follow_2 
2017-11-02 09:43:33 Info github.com/vvotm/go-followfix/app.(*FollowService).deleteDirtyData select max(id) from user_follow_6 
2017-11-02 09:43:33 Info github.com/vvotm/go-followfix/app.(*FollowService).deleteDirtyData max id 589727
2017-11-02 09:43:33 Info github.com/vvotm/go-followfix/app.(*FollowService).deleteDirtyData select uid from user_follow_3 where id <= 100000 group by uid
2017-11-02 09:43:33 Info github.com/vvotm/go-followfix/app.(*FollowService).deleteDirtyData max id 589721
2017-11-02 09:43:33 Info github.com/vvotm/go-followfix/app.(*FollowService).deleteDirtyData select uid from user_follow_7 where id <= 100000 group by uid
2017-11-02 09:43:33 Info github.com/vvotm/go-followfix/app.(*FollowService).deleteDirtyData max id 589712
2017-11-02 09:43:33 Info github.com/vvotm/go-followfix/app.(*FollowService).deleteDirtyData select uid from user_follow_0 where id <= 100000 group by uid
2017-11-02 09:43:33 Info github.com/vvotm/go-followfix/app.(*FollowService).deleteDirtyData select max(id) from user_follow_1 
2017-11-02 09:43:33 Info github.com/vvotm/go-followfix/app.(*FollowService).deleteDirtyData max id 589711
2017-11-02 09:43:33 Info github.com/vvotm/go-followfix/app.(*FollowService).deleteDirtyData select uid from user_follow_2 where id <= 100000 group by uid
2017-11-02 09:43:33 Info github.com/vvotm/go-followfix/app.(*FollowService).deleteDirtyData max id 589674
2017-11-02 09:43:33 Info github.com/vvotm/go-followfix/app.(*FollowService).deleteDirtyData select uid from user_follow_6 where id <= 100000 group by uid
2017-11-02 09:43:33 Info github.com/vvotm/go-followfix/app.(*FollowService).deleteDirtyData max id 589704
2017-11-02 09:43:33 Info github.com/vvotm/go-followfix/app.(*FollowService).deleteDirtyData select uid from user_follow_1 where id <= 100000 group by uid
2017-11-02 09:43:33 Info github.com/vvotm/go-followfix/app.(*FollowService).deleteDirtyData select max(id) from user_follow_4 
2017-11-02 09:43:33 Info github.com/vvotm/go-followfix/app.(*FollowService).deleteDirtyData select max(id) from user_follow_5 
2017-11-02 09:43:33 Info github.com/vvotm/go-followfix/app.(*FollowService).deleteDirtyData max id 589717
2017-11-02 09:43:33 Info github.com/vvotm/go-followfix/app.(*FollowService).deleteDirtyData select uid from user_follow_4 where id <= 100000 group by uid
2017-11-02 09:43:33 Info github.com/vvotm/go-followfix/app.(*FollowService).deleteDirtyData max id 589724
2017-11-02 09:43:33 Info github.com/vvotm/go-followfix/app.(*FollowService).deleteDirtyData select uid from user_follow_5 where id <= 100000 group by uid
2017-11-02 09:43:33 Info github.com/vvotm/go-followfix/app.(*FollowService).deleteDirtyData select max(id) from user_follow_9 
2017-11-02 09:43:33 Info github.com/vvotm/go-followfix/app.(*FollowService).deleteDirtyData max id 589729
2017-11-02 09:43:33 Info github.com/vvotm/go-followfix/app.(*FollowService).deleteDirtyData select uid from user_follow_9 where id <= 100000 group by uid
2017-11-02 09:43:37 Info main.TimerUpdate goroutine数量 1030

2017-11-02 09:43:41 Info main.TimerUpdate goroutine数量 1030

2017-11-02 09:43:45 Info main.TimerUpdate goroutine数量 1030

2017-11-02 09:43:46 Info github.com/vvotm/go-followfix/app.(*FollowService).deleteDirtyData select uid from user_follow_4 where id <= 200000 group by uid
2017-11-02 09:43:46 Info github.com/vvotm/go-followfix/app.(*FollowService).deleteDirtyData select uid from user_follow_1 where id <= 200000 group by uid
2017-11-02 09:43:46 Info github.com/vvotm/go-followfix/app.(*FollowService).deleteDirtyData select uid from user_follow_2 where id <= 200000 group by uid
2017-11-02 09:43:46 Info github.com/vvotm/go-followfix/app.(*FollowService).deleteDirtyData select uid from user_follow_6 where id <= 200000 group by uid
2017-11-02 09:43:46 Info github.com/vvotm/go-followfix/app.(*FollowService).deleteDirtyData select uid from user_follow_7 where id <= 200000 group by uid
2017-11-02 09:43:46 Info github.com/vvotm/go-followfix/app.(*FollowService).deleteDirtyData select uid from user_follow_5 where id <= 200000 group by uid
2017-11-02 09:43:46 Info github.com/vvotm/go-followfix/app.(*FollowService).deleteDirtyData select uid from user_follow_3 where id <= 200000 group by uid
2017-11-02 09:43:46 Info github.com/vvotm/go-followfix/app.(*FollowService).deleteDirtyData select uid from user_follow_9 where id <= 200000 group by uid
2017-11-02 09:43:46 Info github.com/vvotm/go-followfix/app.(*FollowService).deleteDirtyData select uid from user_follow_8 where id <= 200000 group by uid
2017-11-02 09:43:46 Info github.com/vvotm/go-followfix/app.(*FollowService).deleteDirtyData select uid from user_follow_0 where id <= 200000 group by uid
2017-11-02 09:43:49 Info main.TimerUpdate goroutine数量 1030

2017-11-02 09:43:53 Info main.TimerUpdate goroutine数量 1030

2017-11-02 09:43:57 Info main.TimerUpdate goroutine数量 1030

2017-11-02 09:44:01 Info main.TimerUpdate goroutine数量 1030

2017-11-02 09:44:05 Info main.TimerUpdate goroutine数量 1030

2017-11-02 09:44:09 Info main.TimerUpdate goroutine数量 1030

2017-11-02 09:44:13 Info main.TimerUpdate goroutine数量 1030

2017-11-02 09:44:17 Info main.TimerUpdate goroutine数量 1030

2017-11-02 09:44:21 Info main.TimerUpdate goroutine数量 1030

2017-11-02 09:44:25 Info main.TimerUpdate goroutine数量 1030

2017-11-02 09:44:29 Info main.TimerUpdate goroutine数量 1030

2017-11-02 09:44:29 Info github.com/vvotm/go-followfix/app.(*FollowService).deleteDirtyData select uid from user_follow_6 where id <= 300000 group by uid
2017-11-02 09:44:30 Info github.com/vvotm/go-followfix/app.(*FollowService).deleteDirtyData select uid from user_follow_4 where id <= 300000 group by uid
2017-11-02 09:44:30 Info github.com/vvotm/go-followfix/app.(*FollowService).deleteDirtyData select uid from user_follow_2 where id <= 300000 group by uid
2017-11-02 09:44:30 Info github.com/vvotm/go-followfix/app.(*FollowService).deleteDirtyData select uid from user_follow_5 where id <= 300000 group by uid
2017-11-02 09:44:30 Info github.com/vvotm/go-followfix/app.(*FollowService).deleteDirtyData select uid from user_follow_8 where id <= 300000 group by uid
2017-11-02 09:44:30 Info github.com/vvotm/go-followfix/app.(*FollowService).deleteDirtyData select uid from user_follow_3 where id <= 300000 group by uid
2017-11-02 09:44:30 Info github.com/vvotm/go-followfix/app.(*FollowService).deleteDirtyData select uid from user_follow_7 where id <= 300000 group by uid
2017-11-02 09:44:30 Info github.com/vvotm/go-followfix/app.(*FollowService).deleteDirtyData select uid from user_follow_1 where id <= 300000 group by uid
2017-11-02 09:44:30 Info github.com/vvotm/go-followfix/app.(*FollowService).deleteDirtyData select uid from user_follow_9 where id <= 300000 group by uid
2017-11-02 09:44:31 Info github.com/vvotm/go-followfix/app.(*FollowService).deleteDirtyData select uid from user_follow_0 where id <= 300000 group by uid
2017-11-02 09:44:33 Info main.TimerUpdate goroutine数量 1030

2017-11-02 09:44:37 Info main.TimerUpdate goroutine数量 1030

2017-11-02 09:44:41 Info main.TimerUpdate goroutine数量 1030

2017-11-02 09:44:45 Info main.TimerUpdate goroutine数量 1030

2017-11-02 09:44:49 Info main.TimerUpdate goroutine数量 1030

2017-11-02 09:44:53 Info main.TimerUpdate goroutine数量 1030

2017-11-02 09:44:57 Info main.TimerUpdate goroutine数量 1030

2017-11-02 09:45:01 Info main.TimerUpdate goroutine数量 1030

2017-11-02 09:45:05 Info main.TimerUpdate goroutine数量 1030

2017-11-02 09:45:09 Info main.TimerUpdate goroutine数量 1030

2017-11-02 09:45:13 Info main.TimerUpdate goroutine数量 1030

2017-11-02 09:45:17 Info main.TimerUpdate goroutine数量 1030

2017-11-02 09:45:21 Info main.TimerUpdate goroutine数量 1030

2017-11-02 09:45:25 Info main.TimerUpdate goroutine数量 1030

2017-11-02 09:45:29 Info main.TimerUpdate goroutine数量 1030

2017-11-02 09:45:33 Info main.TimerUpdate goroutine数量 1030

2017-11-02 09:45:37 Info main.TimerUpdate goroutine数量 1030

2017-11-02 09:45:41 Info main.TimerUpdate goroutine数量 1030

2017-11-02 09:45:45 Info main.TimerUpdate goroutine数量 1030

2017-11-02 09:45:49 Info main.TimerUpdate goroutine数量 1030

2017-11-02 09:45:53 Info main.TimerUpdate goroutine数量 1030

2017-11-02 09:45:57 Info main.TimerUpdate goroutine数量 1030

2017-11-02 09:46:00 Info github.com/vvotm/go-followfix/app.(*FollowService).deleteDirtyData select uid from user_follow_3 where id <= 400000 group by uid
2017-11-02 09:46:00 Info github.com/vvotm/go-followfix/app.(*FollowService).deleteDirtyData select uid from user_follow_6 where id <= 400000 group by uid
2017-11-02 09:46:00 Info github.com/vvotm/go-followfix/app.(*FollowService).deleteDirtyData select uid from user_follow_2 where id <= 400000 group by uid
2017-11-02 09:46:01 Info github.com/vvotm/go-followfix/app.(*FollowService).deleteDirtyData select uid from user_follow_1 where id <= 400000 group by uid
2017-11-02 09:46:01 Info github.com/vvotm/go-followfix/app.(*FollowService).deleteDirtyData select uid from user_follow_5 where id <= 400000 group by uid
2017-11-02 09:46:01 Info github.com/vvotm/go-followfix/app.(*FollowService).deleteDirtyData select uid from user_follow_8 where id <= 400000 group by uid
2017-11-02 09:46:01 Info github.com/vvotm/go-followfix/app.(*FollowService).deleteDirtyData select uid from user_follow_4 where id <= 400000 group by uid
2017-11-02 09:46:01 Info main.TimerUpdate goroutine数量 1028

2017-11-02 09:46:01 Info github.com/vvotm/go-followfix/app.(*FollowService).deleteDirtyData select uid from user_follow_7 where id <= 400000 group by uid
2017-11-02 09:46:02 Info github.com/vvotm/go-followfix/app.(*FollowService).deleteDirtyData select uid from user_follow_9 where id <= 400000 group by uid
2017-11-02 09:46:03 Info github.com/vvotm/go-followfix/app.(*FollowService).deleteDirtyData select uid from user_follow_0 where id <= 400000 group by uid
2017-11-02 09:46:05 Info main.TimerUpdate goroutine数量 1030

2017-11-02 09:46:09 Info main.TimerUpdate goroutine数量 1030

2017-11-02 09:46:13 Info main.TimerUpdate goroutine数量 1030

2017-11-02 09:46:17 Info main.TimerUpdate goroutine数量 1030

2017-11-02 09:46:21 Info main.TimerUpdate goroutine数量 1030

2017-11-02 09:46:25 Info main.TimerUpdate goroutine数量 1030

2017-11-02 09:46:29 Info main.TimerUpdate goroutine数量 1030

2017-11-02 09:46:33 Info main.TimerUpdate goroutine数量 1030

2017-11-02 09:46:37 Info main.TimerUpdate goroutine数量 1030

2017-11-02 09:46:41 Info main.TimerUpdate goroutine数量 1030

2017-11-02 09:46:45 Info main.TimerUpdate goroutine数量 1030

2017-11-02 09:46:49 Info main.TimerUpdate goroutine数量 1030

2017-11-02 09:46:53 Info main.TimerUpdate goroutine数量 1030

2017-11-02 09:46:57 Info main.TimerUpdate goroutine数量 1030

2017-11-02 09:47:01 Info main.TimerUpdate goroutine数量 1030

2017-11-02 09:47:05 Info main.TimerUpdate goroutine数量 1030

2017-11-02 09:47:09 Info main.TimerUpdate goroutine数量 1030

2017-11-02 09:47:13 Info main.TimerUpdate goroutine数量 1030

2017-11-02 09:47:17 Info main.TimerUpdate goroutine数量 1030

2017-11-02 09:47:21 Info main.TimerUpdate goroutine数量 1030

2017-11-02 09:47:25 Info main.TimerUpdate goroutine数量 1030

2017-11-02 09:47:29 Info main.TimerUpdate goroutine数量 1030

2017-11-02 09:47:33 Info main.TimerUpdate goroutine数量 1030

2017-11-02 09:47:37 Info main.TimerUpdate goroutine数量 1030

2017-11-02 09:47:41 Info main.TimerUpdate goroutine数量 1030

2017-11-02 09:47:45 Info main.TimerUpdate goroutine数量 1030

2017-11-02 09:47:49 Info main.TimerUpdate goroutine数量 1030

2017-11-02 09:47:53 Info main.TimerUpdate goroutine数量 1030

2017-11-02 09:47:57 Info main.TimerUpdate goroutine数量 1030

2017-11-02 09:48:01 Info main.TimerUpdate goroutine数量 1030

2017-11-02 09:48:05 Info main.TimerUpdate goroutine数量 1030

2017-11-02 09:48:09 Info main.TimerUpdate goroutine数量 1030

2017-11-02 09:48:09 Info github.com/vvotm/go-followfix/app.(*FollowService).deleteDirtyData select uid from user_follow_3 where id <= 500000 group by uid
2017-11-02 09:48:12 Info github.com/vvotm/go-followfix/app.(*FollowService).deleteDirtyData select uid from user_follow_5 where id <= 500000 group by uid
2017-11-02 09:48:12 Info github.com/vvotm/go-followfix/app.(*FollowService).deleteDirtyData select uid from user_follow_1 where id <= 500000 group by uid
2017-11-02 09:48:12 Info github.com/vvotm/go-followfix/app.(*FollowService).deleteDirtyData select uid from user_follow_6 where id <= 500000 group by uid
2017-11-02 09:48:12 Info github.com/vvotm/go-followfix/app.(*FollowService).deleteDirtyData select uid from user_follow_8 where id <= 500000 group by uid
2017-11-02 09:48:12 Info github.com/vvotm/go-followfix/app.(*FollowService).deleteDirtyData select uid from user_follow_2 where id <= 500000 group by uid
2017-11-02 09:48:13 Info main.TimerUpdate goroutine数量 1030

2017-11-02 09:48:13 Info github.com/vvotm/go-followfix/app.(*FollowService).deleteDirtyData select uid from user_follow_4 where id <= 500000 group by uid
2017-11-02 09:48:13 Info github.com/vvotm/go-followfix/app.(*FollowService).deleteDirtyData select uid from user_follow_7 where id <= 500000 group by uid
2017-11-02 09:48:14 Info github.com/vvotm/go-followfix/app.(*FollowService).deleteDirtyData select uid from user_follow_0 where id <= 500000 group by uid
2017-11-02 09:48:15 Info github.com/vvotm/go-followfix/app.(*FollowService).deleteDirtyData select uid from user_follow_9 where id <= 500000 group by uid
2017-11-02 09:48:17 Info main.TimerUpdate goroutine数量 1030

2017-11-02 09:48:21 Info main.TimerUpdate goroutine数量 1030

2017-11-02 09:48:25 Info main.TimerUpdate goroutine数量 1030

2017-11-02 09:48:29 Info main.TimerUpdate goroutine数量 1030

2017-11-02 09:48:33 Info main.TimerUpdate goroutine数量 1030

2017-11-02 09:48:37 Info main.TimerUpdate goroutine数量 1030

2017-11-02 09:48:41 Info main.TimerUpdate goroutine数量 1030

2017-11-02 09:48:45 Info main.TimerUpdate goroutine数量 1030

2017-11-02 09:48:49 Info main.TimerUpdate goroutine数量 1030

2017-11-02 09:48:53 Info main.TimerUpdate goroutine数量 1030

2017-11-02 09:48:57 Info main.TimerUpdate goroutine数量 1030

2017-11-02 09:49:01 Info main.TimerUpdate goroutine数量 1030

2017-11-02 09:49:05 Info main.TimerUpdate goroutine数量 1030

2017-11-02 09:49:09 Info main.TimerUpdate goroutine数量 1030

2017-11-02 09:49:13 Info main.TimerUpdate goroutine数量 1030

2017-11-02 09:49:17 Info main.TimerUpdate goroutine数量 1030

2017-11-02 09:49:21 Info main.TimerUpdate goroutine数量 1030

2017-11-02 09:49:25 Info main.TimerUpdate goroutine数量 1030

2017-11-02 09:49:29 Info main.TimerUpdate goroutine数量 1030

2017-11-02 09:49:33 Info main.TimerUpdate goroutine数量 1030

2017-11-02 09:49:37 Info main.TimerUpdate goroutine数量 1030

2017-11-02 09:49:41 Info main.TimerUpdate goroutine数量 1030

2017-11-02 09:49:45 Info main.TimerUpdate goroutine数量 1030

2017-11-02 09:49:49 Info main.TimerUpdate goroutine数量 1030

2017-11-02 09:49:53 Info main.TimerUpdate goroutine数量 1030

2017-11-02 09:49:57 Info main.TimerUpdate goroutine数量 1030

2017-11-02 09:50:01 Info main.TimerUpdate goroutine数量 1030

2017-11-02 09:50:05 Info main.TimerUpdate goroutine数量 1030

2017-11-02 09:50:09 Info main.TimerUpdate goroutine数量 1030

2017-11-02 09:50:13 Info main.TimerUpdate goroutine数量 1030

2017-11-02 09:50:17 Info main.TimerUpdate goroutine数量 1030

2017-11-02 09:50:21 Info main.TimerUpdate goroutine数量 1030

2017-11-02 09:50:25 Info main.TimerUpdate goroutine数量 1030

2017-11-02 09:50:29 Info main.TimerUpdate goroutine数量 1030

2017-11-02 09:50:33 Info main.TimerUpdate goroutine数量 1030

2017-11-02 09:50:37 Info main.TimerUpdate goroutine数量 1030

2017-11-02 09:50:41 Info main.TimerUpdate goroutine数量 1030

2017-11-02 09:50:45 Info main.TimerUpdate goroutine数量 1030

2017-11-02 09:50:49 Info main.TimerUpdate goroutine数量 1030

2017-11-02 09:50:53 Info main.TimerUpdate goroutine数量 1030

2017-11-02 09:50:57 Info main.TimerUpdate goroutine数量 1030

2017-11-02 09:51:01 Info main.TimerUpdate goroutine数量 1030

2017-11-02 09:51:05 Info main.TimerUpdate goroutine数量 1028

2017-11-02 09:51:07 Info github.com/vvotm/go-followfix/app.(*FollowService).ProcessDirtyData 删除自己关注自己, 自己粉丝自己完成
2017-12-19 13:07:35 Info github.com/vvotm/go-followfix/app.(*App).Run 处理半个月登入的用户
2017-12-19 13:07:37 Info github.com/vvotm/go-followfix/app.(*FollowService).ProcessLoginUID 查询数据失败: select uid from login_log_1712 where id >= 1 and id < 30001 group by uid 错误: Error 1146: Table 'log.login_log_1712' doesn't exist
2017-12-19 13:07:37 Info github.com/vvotm/go-followfix/app.(*FollowService).ProcessLoginUID 查询数据失败: select uid from login_log_1712 where id >= 30001 and id < 60001 group by uid 错误: Error 1146: Table 'log.login_log_1712' doesn't exist
2017-12-19 13:07:37 Info github.com/vvotm/go-followfix/app.(*FollowService).ProcessLoginUID 查询数据失败: select uid from login_log_1712 where id >= 60001 and id < 90001 group by uid 错误: Error 1146: Table 'log.login_log_1712' doesn't exist
2017-12-19 13:07:37 Info github.com/vvotm/go-followfix/app.(*FollowService).ProcessLoginUID 查询数据失败: select uid from login_log_1712 where id >= 90001 and id < 120001 group by uid 错误: Error 1146: Table 'log.login_log_1712' doesn't exist
2017-12-19 13:07:37 Info github.com/vvotm/go-followfix/app.(*FollowService).ProcessLoginUID 查询数据失败: select uid from login_log_1712 where id >= 120001 and id < 150001 group by uid 错误: Error 1146: Table 'log.login_log_1712' doesn't exist
2017-12-19 13:07:37 Info github.com/vvotm/go-followfix/app.(*FollowService).ProcessLoginUID 查询数据失败: select uid from login_log_1712 where id >= 150001 and id < 180001 group by uid 错误: Error 1146: Table 'log.login_log_1712' doesn't exist
2017-12-19 13:07:37 Info github.com/vvotm/go-followfix/app.(*FollowService).ProcessLoginUID 查询数据失败: select uid from login_log_1712 where id >= 180001 and id < 210001 group by uid 错误: Error 1146: Table 'log.login_log_1712' doesn't exist
2017-12-19 13:07:37 Info github.com/vvotm/go-followfix/app.(*FollowService).ProcessLoginUID 查询数据失败: select uid from login_log_1712 where id >= 210001 and id < 240001 group by uid 错误: Error 1146: Table 'log.login_log_1712' doesn't exist
2017-12-19 13:12:56 Info github.com/vvotm/go-followfix/app.(*App).Run 处理半个月登入的用户
2017-12-19 13:12:56 Info github.com/vvotm/go-followfix/app.(*FollowService).ProcessLoginUID 处理用户登录数据: 521
2017-12-19 13:12:56 Info github.com/vvotm/go-followfix/app.(*FollowService).appendTraficChan max goroutine numbers: 521
2017-12-19 13:13:00 Info main.TimerUpdate goroutine数量 1533
2017-12-19 13:13:04 Info main.TimerUpdate goroutine数量 1269
2017-12-19 13:13:06 Info github.com/vvotm/go-followfix/app.(*FollowService).ProcessLoginUID 处理用户登录数据: 640
2017-12-19 13:13:06 Info github.com/vvotm/go-followfix/app.(*FollowService).appendTraficChan max goroutine numbers: 640
2017-12-19 13:13:08 Info main.TimerUpdate goroutine数量 1652
2017-12-19 13:13:12 Info main.TimerUpdate goroutine数量 1049
2017-12-19 13:13:12 Info github.com/vvotm/go-followfix/app.(*FollowService).ProcessLoginUID 处理用户登录数据: 588
2017-12-19 13:13:12 Info github.com/vvotm/go-followfix/app.(*FollowService).appendTraficChan max goroutine numbers: 588
2017-12-19 13:13:16 Info main.TimerUpdate goroutine数量 1599
2017-12-19 13:13:18 Info github.com/vvotm/go-followfix/app.(*FollowService).ProcessLoginUID 处理用户登录数据: 0
2017-12-19 13:13:18 Info github.com/vvotm/go-followfix/app.(*FollowService).ProcessLoginUID 处理用户登录数据: 0
2017-12-19 13:13:18 Info github.com/vvotm/go-followfix/app.(*FollowService).ProcessLoginUID 处理用户登录数据: 0
2017-12-19 13:13:18 Info github.com/vvotm/go-followfix/app.(*FollowService).ProcessLoginUID 处理用户登录数据: 0
2017-12-19 13:13:18 Info github.com/vvotm/go-followfix/app.(*FollowService).ProcessLoginUID 处理用户登录数据: 0
2017-12-19 13:13:18 Info github.com/vvotm/go-followfix/app.(*FollowService).ProcessLoginUID 处理用户登录数据: 0
2017-12-19 13:13:18 Info github.com/vvotm/go-followfix/app.(*FollowService).ProcessLoginUID 处理用户登录数据: 0
2017-12-19 13:13:18 Info github.com/vvotm/go-followfix/app.(*FollowService).ProcessLoginUID 处理用户登录数据: 0
2017-12-19 13:13:18 Info github.com/vvotm/go-followfix/app.(*FollowService).ProcessLoginUID 处理用户登录数据: 0
2017-12-19 13:13:19 Info github.com/vvotm/go-followfix/app.(*FollowService).ProcessLoginUID 处理用户登录数据: 0
2017-12-19 13:13:19 Info github.com/vvotm/go-followfix/app.(*FollowService).ProcessLoginUID 处理用户登录数据: 0
2017-12-19 13:13:19 Info github.com/vvotm/go-followfix/app.(*FollowService).ProcessLoginUID 处理用户登录数据: 0
2017-12-19 13:13:19 Info github.com/vvotm/go-followfix/app.(*FollowService).ProcessLoginUID 处理用户登录数据: 0
2017-12-19 13:13:19 Info github.com/vvotm/go-followfix/app.(*FollowService).ProcessLoginUID 处理用户登录数据: 0
2017-12-19 13:13:19 Info github.com/vvotm/go-followfix/app.(*FollowService).ProcessLoginUID 处理用户登录数据: 0
2017-12-19 13:13:19 Info github.com/vvotm/go-followfix/app.(*FollowService).ProcessLoginUID 处理用户登录数据: 0
2017-12-19 13:13:19 Info github.com/vvotm/go-followfix/app.(*FollowService).ProcessLoginUID 处理用户登录数据: 0
2017-12-19 13:13:19 Info github.com/vvotm/go-followfix/app.(*FollowService).ProcessLoginUID 处理用户登录数据: 0
